<?xml version="1.0" encoding="UTF-8"?>
<testsuite name="khanh.book_ecommerce.BookEcommerceApplicationTests" tests="1" skipped="0" failures="0" errors="0" timestamp="2025-06-06T09:37:55.579Z" hostname="Khanh" time="0.392">
  <properties/>
  <testcase name="contextLoads()" classname="khanh.book_ecommerce.BookEcommerceApplicationTests" time="0.392"/>
  <system-out><![CDATA[16:37:52.936 [Test worker] INFO org.springframework.test.context.support.AnnotationConfigContextLoaderUtils -- Could not detect default configuration classes for test class [khanh.book_ecommerce.BookEcommerceApplicationTests]: BookEcommerceApplicationTests does not declare any static, non-private, non-final, nested classes annotated with @Configuration.
16:37:53.021 [Test worker] INFO org.springframework.boot.test.context.SpringBootTestContextBootstrapper -- Found @SpringBootConfiguration khanh.book_ecommerce.BookEcommerceApplication for test class khanh.book_ecommerce.BookEcommerceApplicationTests

  .   ____          _            __ _ _
 /\\ / ___'_ __ _ _(_)_ __  __ _ \ \ \ \
( ( )\___ | '_ | '_| | '_ \/ _` | \ \ \ \
 \\/  ___)| |_)| | | | | || (_| |  ) ) ) )
  '  |____| .__|_| |_|_| |_\__, | / / / /
 =========|_|==============|___/=/_/_/_/

 :: Spring Boot ::                (v3.5.0)

2025-06-06T16:37:53.457+07:00  INFO 24990 --- [book-ecommerce] [    Test worker] k.b.BookEcommerceApplicationTests        : Starting BookEcommerceApplicationTests using Java 21.0.2 with PID 24990 (started by khanh in /home/khanh/Coding/book-ecommerce)
2025-06-06T16:37:53.459+07:00  INFO 24990 --- [book-ecommerce] [    Test worker] k.b.BookEcommerceApplicationTests        : No active profile set, falling back to 1 default profile: "default"
2025-06-06T16:37:53.986+07:00  INFO 24990 --- [book-ecommerce] [    Test worker] .s.d.r.c.RepositoryConfigurationDelegate : Bootstrapping Spring Data JPA repositories in DEFAULT mode.
2025-06-06T16:37:54.008+07:00  INFO 24990 --- [book-ecommerce] [    Test worker] .s.d.r.c.RepositoryConfigurationDelegate : Finished Spring Data repository scanning in 13 ms. Found 0 JPA repository interfaces.
2025-06-06T16:37:54.369+07:00  INFO 24990 --- [book-ecommerce] [    Test worker] o.hibernate.jpa.internal.util.LogHelper  : HHH000204: Processing PersistenceUnitInfo [name: default]
2025-06-06T16:37:54.410+07:00  INFO 24990 --- [book-ecommerce] [    Test worker] org.hibernate.Version                    : HHH000412: Hibernate ORM core version 6.6.15.Final
2025-06-06T16:37:54.439+07:00  INFO 24990 --- [book-ecommerce] [    Test worker] o.h.c.internal.RegionFactoryInitiator    : HHH000026: Second-level cache disabled
2025-06-06T16:37:54.638+07:00  INFO 24990 --- [book-ecommerce] [    Test worker] o.s.o.j.p.SpringPersistenceUnitInfo      : No LoadTimeWeaver setup: ignoring JPA class transformer
2025-06-06T16:37:54.656+07:00  INFO 24990 --- [book-ecommerce] [    Test worker] com.zaxxer.hikari.HikariDataSource       : HikariPool-1 - Starting...
2025-06-06T16:37:54.917+07:00  INFO 24990 --- [book-ecommerce] [    Test worker] com.zaxxer.hikari.pool.HikariPool        : HikariPool-1 - Added connection com.mysql.cj.jdbc.ConnectionImpl@5503c7d
2025-06-06T16:37:54.919+07:00  INFO 24990 --- [book-ecommerce] [    Test worker] com.zaxxer.hikari.HikariDataSource       : HikariPool-1 - Start completed.
2025-06-06T16:37:54.971+07:00  INFO 24990 --- [book-ecommerce] [    Test worker] org.hibernate.orm.connections.pooling    : HHH10001005: Database info:
	Database JDBC URL [Connecting through datasource 'HikariDataSource (HikariPool-1)']
	Database driver: undefined/unknown
	Database version: 8.0.39
	Autocommit mode: undefined/unknown
	Isolation level: undefined/unknown
	Minimum pool size: undefined/unknown
	Maximum pool size: undefined/unknown
2025-06-06T16:37:55.159+07:00  INFO 24990 --- [book-ecommerce] [    Test worker] o.h.e.t.j.p.i.JtaPlatformInitiator       : HHH000489: No JTA platform available (set 'hibernate.transaction.jta.platform' to enable JTA platform integration)
2025-06-06T16:37:55.162+07:00  INFO 24990 --- [book-ecommerce] [    Test worker] j.LocalContainerEntityManagerFactoryBean : Initialized JPA EntityManagerFactory for persistence unit 'default'
2025-06-06T16:37:55.249+07:00  WARN 24990 --- [book-ecommerce] [    Test worker] JpaBaseConfiguration$JpaWebConfiguration : spring.jpa.open-in-view is enabled by default. Therefore, database queries may be performed during view rendering. Explicitly configure spring.jpa.open-in-view to disable this warning
2025-06-06T16:37:55.569+07:00  INFO 24990 --- [book-ecommerce] [    Test worker] k.b.BookEcommerceApplicationTests        : Started BookEcommerceApplicationTests in 2.377 seconds (process running for 3.154)
]]></system-out>
  <system-err><![CDATA[Mockito is currently self-attaching to enable the inline-mock-maker. This will no longer work in future releases of the JDK. Please add Mockito as an agent to your build as described in Mockito's documentation: https://javadoc.io/doc/org.mockito/mockito-core/latest/org.mockito/org/mockito/Mockito.html#0.3
WARNING: A Java agent has been loaded dynamically (/home/khanh/.gradle/caches/modules-2/files-2.1/net.bytebuddy/byte-buddy-agent/1.17.5/58f9507f5f28d1d3e7adfb4ec2fe37c29d332c9b/byte-buddy-agent-1.17.5.jar)
WARNING: If a serviceability tool is in use, please run with -XX:+EnableDynamicAgentLoading to hide this warning
WARNING: If a serviceability tool is not in use, please run with -Djdk.instrument.traceUsage for more information
WARNING: Dynamic loading of agents will be disallowed by default in a future release
]]></system-err>
</testsuite>
